0 info it worked if it ends with ok
1 verbose cli [ 'C:\\Program Files\\nodejs\\node.exe',
1 verbose cli   'C:\\Program Files\\nodejs\\node_modules\\npm\\bin\\npm-cli.js',
1 verbose cli   'run',
1 verbose cli   'sasswatch' ]
2 info using npm@3.10.10
3 info using node@v6.11.5
4 verbose run-script [ 'presasswatch', 'sasswatch', 'postsasswatch' ]
5 info lifecycle quotender@1.0.0~presasswatch: quotender@1.0.0
6 silly lifecycle quotender@1.0.0~presasswatch: no script for presasswatch, continuing
7 info lifecycle quotender@1.0.0~sasswatch: quotender@1.0.0
8 verbose lifecycle quotender@1.0.0~sasswatch: unsafe-perm in lifecycle true
9 verbose lifecycle quotender@1.0.0~sasswatch: PATH: C:\Program Files\nodejs\node_modules\npm\bin\node-gyp-bin;C:\Users\TD1\Desktop\Quotender\node_modules\.bin;C:\ProgramData\Oracle\Java\javapath;C:\WINDOWS\system32;C:\WINDOWS;C:\WINDOWS\System32\Wbem;C:\WINDOWS\System32\WindowsPowerShell\v1.0\;C:\Program Files\Brackets\command;C:\Program Files\nodejs\;C:\Ruby22\bin;C:\Users\TD1\AppData\Local\Programs\Python\Python35-32\Scripts\;C:\Users\TD1\AppData\Local\Programs\Python\Python35-32\;C:\WINDOWS\system32;C:\WINDOWS;C:\WINDOWS\System32\Wbem;C:\WINDOWS\System32\WindowsPowerShell\v1.0\;C:\Users\TD1\AppData\Local\Programs\Git\cmd;C:\Users\TD1\AppData\Local\Microsoft\WindowsApps;C:\Program Files\Vim\vim80\;C:\Users\TD1\AppData\Roaming\npm;
10 verbose lifecycle quotender@1.0.0~sasswatch: CWD: C:\Users\TD1\Desktop\Quotender
11 silly lifecycle quotender@1.0.0~sasswatch: Args: [ '/d /s /c',
11 silly lifecycle   'node-sass --watch build/scss/ --output build/css/' ]
12 silly lifecycle quotender@1.0.0~sasswatch: Returned: code: 1  signal: null
13 info lifecycle quotender@1.0.0~sasswatch: Failed to exec sasswatch script
14 verbose stack Error: quotender@1.0.0 sasswatch: `node-sass --watch build/scss/ --output build/css/`
14 verbose stack Exit status 1
14 verbose stack     at EventEmitter.<anonymous> (C:\Program Files\nodejs\node_modules\npm\lib\utils\lifecycle.js:255:16)
14 verbose stack     at emitTwo (events.js:106:13)
14 verbose stack     at EventEmitter.emit (events.js:191:7)
14 verbose stack     at ChildProcess.<anonymous> (C:\Program Files\nodejs\node_modules\npm\lib\utils\spawn.js:40:14)
14 verbose stack     at emitTwo (events.js:106:13)
14 verbose stack     at ChildProcess.emit (events.js:191:7)
14 verbose stack     at maybeClose (internal/child_process.js:920:16)
14 verbose stack     at Process.ChildProcess._handle.onexit (internal/child_process.js:230:5)
15 verbose pkgid quotender@1.0.0
16 verbose cwd C:\Users\TD1\Desktop\Quotender
17 error Windows_NT 10.0.16299
18 error argv "C:\\Program Files\\nodejs\\node.exe" "C:\\Program Files\\nodejs\\node_modules\\npm\\bin\\npm-cli.js" "run" "sasswatch"
19 error node v6.11.5
20 error npm  v3.10.10
21 error code ELIFECYCLE
22 error quotender@1.0.0 sasswatch: `node-sass --watch build/scss/ --output build/css/`
22 error Exit status 1
23 error Failed at the quotender@1.0.0 sasswatch script 'node-sass --watch build/scss/ --output build/css/'.
23 error Make sure you have the latest version of node.js and npm installed.
23 error If you do, this is most likely a problem with the quotender package,
23 error not with npm itself.
23 error Tell the author that this fails on your system:
23 error     node-sass --watch build/scss/ --output build/css/
23 error You can get information on how to open an issue for this project with:
23 error     npm bugs quotender
23 error Or if that isn't available, you can get their info via:
23 error     npm owner ls quotender
23 error There is likely additional logging output above.
24 verbose exit [ 1, true ]
